INFO root 03/13/25-14:08:09 logging_formatted.py 10 this is information
WARNING root 03/13/25-14:08:09 logging_formatted.py 11 this is a warning
ERROR root 03/13/25-14:08:09 logging_formatted.py 12 this is an ERROR
ERROR root 03/13/25-14:08:09 logging_formatted.py 14 Invalid value 38.7
INFO root 03/13/25-14:08:09 logging_formatted.py 15 this is information
CRITICAL root 03/13/25-14:08:09 logging_formatted.py 16 this is critical
INFO root 03/13/25-14:08:10 logging_formatted.py 10 this is information
WARNING root 03/13/25-14:08:10 logging_formatted.py 11 this is a warning
ERROR root 03/13/25-14:08:10 logging_formatted.py 12 this is an ERROR
ERROR root 03/13/25-14:08:10 logging_formatted.py 14 Invalid value 38.7
INFO root 03/13/25-14:08:10 logging_formatted.py 15 this is information
CRITICAL root 03/13/25-14:08:10 logging_formatted.py 16 this is critical
INFO root 03/13/25-14:08:11 logging_formatted.py 10 this is information
WARNING root 03/13/25-14:08:11 logging_formatted.py 11 this is a warning
ERROR root 03/13/25-14:08:11 logging_formatted.py 12 this is an ERROR
ERROR root 03/13/25-14:08:11 logging_formatted.py 14 Invalid value 38.7
INFO root 03/13/25-14:08:11 logging_formatted.py 15 this is information
CRITICAL root 03/13/25-14:08:11 logging_formatted.py 16 this is critical
INFO root 03/13/25-14:08:12 logging_formatted.py 10 this is information
WARNING root 03/13/25-14:08:12 logging_formatted.py 11 this is a warning
ERROR root 03/13/25-14:08:12 logging_formatted.py 12 this is an ERROR
ERROR root 03/13/25-14:08:12 logging_formatted.py 14 Invalid value 38.7
INFO root 03/13/25-14:08:12 logging_formatted.py 15 this is information
CRITICAL root 03/13/25-14:08:12 logging_formatted.py 16 this is critical
INFO root Thursday logging_formatted.py 10 this is information
WARNING root Thursday logging_formatted.py 11 this is a warning
ERROR root Thursday logging_formatted.py 12 this is an ERROR
ERROR root Thursday logging_formatted.py 14 Invalid value 38.7
INFO root Thursday logging_formatted.py 15 this is information
CRITICAL root Thursday logging_formatted.py 16 this is critical
INFO root Thursday logging_formatted.py 10 this is information
WARNING root Thursday logging_formatted.py 11 this is a warning
ERROR root Thursday logging_formatted.py 12 this is an ERROR
ERROR root Thursday logging_formatted.py 14 Invalid value 38.7
INFO root Thursday logging_formatted.py 15 this is information
CRITICAL root Thursday logging_formatted.py 16 this is critical
